<?xml version="1.0" encoding="UTF-8"?>
<testng-results ignored="0" total="1" passed="1" failed="0" skipped="0">
  <reporter-output>
  </reporter-output>
  <suite started-at="2024-03-05T16:40:46 IST" name="Default suite" finished-at="2024-03-05T16:40:52 IST" duration-ms="5986">
    <groups>
    </groups>
    <test started-at="2024-03-05T16:40:46 IST" name="Default test" finished-at="2024-03-05T16:40:52 IST" duration-ms="5986">
      <class name="Test.testautomate">
        <test-method is-config="true" signature="Setup()[pri:0, instance:Test.testautomate@710c2b53]" started-at="2024-03-05T16:40:46 IST" name="Setup" finished-at="2024-03-05T16:40:48 IST" duration-ms="1312" status="PASS">
          <reporter-output>
          </reporter-output>
        </test-method> <!-- Setup -->
        <test-method is-config="true" signature="launchURL()[pri:0, instance:Test.testautomate@710c2b53]" started-at="2024-03-05T16:40:48 IST" name="launchURL" finished-at="2024-03-05T16:40:51 IST" duration-ms="3534" status="PASS">
          <reporter-output>
          </reporter-output>
        </test-method> <!-- launchURL -->
        <test-method signature="loginTest()[pri:0, instance:Test.testautomate@710c2b53]" started-at="2024-03-05T16:40:51 IST" name="loginTest" finished-at="2024-03-05T16:40:52 IST" duration-ms="1098" status="PASS">
          <reporter-output>
          </reporter-output>
        </test-method> <!-- loginTest -->
      </class> <!-- Test.testautomate -->
    </test> <!-- Default test -->
  </suite> <!-- Default suite -->
</testng-results>
